{"timestamp":"2020-12-15 05:35:58 +0000\n","severity":"INFO\n","message":"[3.10.1] Starting agent, reporting to https://01ab7501e3874d39a5df8aa131909b02.apm.europe-west2.gcp.elastic-cloud.com","trace.id":null,"transaction.id":null,"span.id":null}
{"timestamp":"2020-12-15 05:35:58 +0000\n","severity":"WARN\n","message":"[ElasticAPM] Unsupported platform 'darwin' - Disabling system metrics","trace.id":null,"transaction.id":null,"span.id":null}
{"timestamp":"2020-12-15 05:36:08 +0000\n","severity":"ERROR\n","message":"[ElasticAPM] APM Server responded with an error:\n\"{\\\"ok\\\":false,\\\"message\\\":\\\"Deleted resource.\\\"}\\n\"","trace.id":null,"transaction.id":null,"span.id":null}
{"timestamp":"2020-12-15 05:36:10 +0000\n","severity":"INFO\n","message":"Started GET \"/\" for ::1 at 2020-12-15 05:36:10 +0000","trace.id":"5f52f61c132f8168320b0102d5e4e8eb","transaction.id":"5bc326171e8de7e9","span.id":null}
{"timestamp":"2020-12-15 05:36:10 +0000\n","severity":"INFO\n","message":"Processing by StockAvailabilityController#index as HTML","trace.id":"5f52f61c132f8168320b0102d5e4e8eb","transaction.id":"5bc326171e8de7e9","span.id":null}
{"timestamp":"2020-12-15 05:36:10 +0000\n","severity":"INFO\n","message":"Supermarket Warehouse receiving stock level request","trace.id":"5f52f61c132f8168320b0102d5e4e8eb","transaction.id":"5bc326171e8de7e9","span.id":"662da4d202aa2680"}
{"timestamp":"2020-12-15 05:36:10 +0000\n","severity":"INFO\n","message":"Completed 200 OK in 4ms (Views: 0.1ms | ActiveRecord: 0.0ms)\n\n","trace.id":"5f52f61c132f8168320b0102d5e4e8eb","transaction.id":"5bc326171e8de7e9","span.id":null}
{"timestamp":"2020-12-15 05:36:18 +0000\n","severity":"INFO\n","message":"Started GET \"/?x=3\u0026y=42\" for 127.0.0.1 at 2020-12-15 05:36:18 +0000","trace.id":"7124c82243d931b61ad2e9ead1470a8e","transaction.id":"71cdb3b5f5f2910a","span.id":null}
{"timestamp":"2020-12-15 05:36:18 +0000\n","severity":"INFO\n","message":"Processing by StockAvailabilityController#index as */*","trace.id":"7124c82243d931b61ad2e9ead1470a8e","transaction.id":"71cdb3b5f5f2910a","span.id":null}
{"timestamp":"2020-12-15 05:36:18 +0000\n","severity":"INFO\n","message":"  Parameters: {\"x\"=\u003e\"3\", \"y\"=\u003e\"42\"}","trace.id":"7124c82243d931b61ad2e9ead1470a8e","transaction.id":"71cdb3b5f5f2910a","span.id":null}
{"timestamp":"2020-12-15 05:36:18 +0000\n","severity":"INFO\n","message":"Supermarket Warehouse receiving stock level request","trace.id":"7124c82243d931b61ad2e9ead1470a8e","transaction.id":"71cdb3b5f5f2910a","span.id":"746f1b102ea3e921"}
{"timestamp":"2020-12-15 05:36:18 +0000\n","severity":"INFO\n","message":"Completed 200 OK in 1ms (Views: 0.4ms | ActiveRecord: 0.0ms)\n\n","trace.id":"7124c82243d931b61ad2e9ead1470a8e","transaction.id":"71cdb3b5f5f2910a","span.id":null}
{"timestamp":"2020-12-15 05:36:20 +0000\n","severity":"ERROR\n","message":"[ElasticAPM] APM Server responded with an error:\n\"{\\\"ok\\\":false,\\\"message\\\":\\\"Deleted resource.\\\"}\\n\"","trace.id":null,"transaction.id":null,"span.id":null}
{"timestamp":"2020-12-15 05:36:38 +0000\n","severity":"ERROR\n","message":"[ElasticAPM] APM Server responded with an error:\n\"{\\\"ok\\\":false,\\\"message\\\":\\\"Deleted resource.\\\"}\\n\"","trace.id":null,"transaction.id":null,"span.id":null}
{"timestamp":"2020-12-15 05:37:03 +0000\n","severity":"INFO\n","message":"Started GET \"/\" for ::1 at 2020-12-15 05:37:03 +0000","trace.id":"0fc94ac11fd98bba1c71c5ba1277e929","transaction.id":"cbe0d2e37ae94505","span.id":null}
{"timestamp":"2020-12-15 05:37:03 +0000\n","severity":"INFO\n","message":"Processing by StockAvailabilityController#index as HTML","trace.id":"0fc94ac11fd98bba1c71c5ba1277e929","transaction.id":"cbe0d2e37ae94505","span.id":null}
{"timestamp":"2020-12-15 05:37:03 +0000\n","severity":"INFO\n","message":"Supermarket Warehouse receiving stock level request","trace.id":"0fc94ac11fd98bba1c71c5ba1277e929","transaction.id":"cbe0d2e37ae94505","span.id":"f4812a42019543de"}
{"timestamp":"2020-12-15 05:37:03 +0000\n","severity":"INFO\n","message":"Completed 200 OK in 1ms (Views: 0.1ms | ActiveRecord: 0.0ms)\n\n","trace.id":"0fc94ac11fd98bba1c71c5ba1277e929","transaction.id":"cbe0d2e37ae94505","span.id":null}
{"timestamp":"2020-12-15 05:37:08 +0000\n","severity":"ERROR\n","message":"[ElasticAPM] APM Server responded with an error:\n\"{\\\"ok\\\":false,\\\"message\\\":\\\"Deleted resource.\\\"}\\n\"","trace.id":null,"transaction.id":null,"span.id":null}
{"timestamp":"2020-12-15 05:37:38 +0000\n","severity":"ERROR\n","message":"[ElasticAPM] APM Server responded with an error:\n\"{\\\"ok\\\":false,\\\"message\\\":\\\"Deleted resource.\\\"}\\n\"","trace.id":null,"transaction.id":null,"span.id":null}
{"timestamp":"2020-12-15 05:38:08 +0000\n","severity":"ERROR\n","message":"[ElasticAPM] APM Server responded with an error:\n\"{\\\"ok\\\":false,\\\"message\\\":\\\"Deleted resource.\\\"}\\n\"","trace.id":null,"transaction.id":null,"span.id":null}
{"timestamp":"2020-12-15 05:38:38 +0000\n","severity":"ERROR\n","message":"[ElasticAPM] APM Server responded with an error:\n\"{\\\"ok\\\":false,\\\"message\\\":\\\"Deleted resource.\\\"}\\n\"","trace.id":null,"transaction.id":null,"span.id":null}
{"timestamp":"2020-12-15 05:39:08 +0000\n","severity":"ERROR\n","message":"[ElasticAPM] APM Server responded with an error:\n\"{\\\"ok\\\":false,\\\"message\\\":\\\"Deleted resource.\\\"}\\n\"","trace.id":null,"transaction.id":null,"span.id":null}
{"timestamp":"2020-12-15 05:39:38 +0000\n","severity":"ERROR\n","message":"[ElasticAPM] APM Server responded with an error:\n\"{\\\"ok\\\":false,\\\"message\\\":\\\"Deleted resource.\\\"}\\n\"","trace.id":null,"transaction.id":null,"span.id":null}
{"timestamp":"2020-12-15 05:40:08 +0000\n","severity":"ERROR\n","message":"[ElasticAPM] APM Server responded with an error:\n\"{\\\"ok\\\":false,\\\"message\\\":\\\"Deleted resource.\\\"}\\n\"","trace.id":null,"transaction.id":null,"span.id":null}
{"timestamp":"2020-12-15 05:40:38 +0000\n","severity":"ERROR\n","message":"[ElasticAPM] APM Server responded with an error:\n\"{\\\"ok\\\":false,\\\"message\\\":\\\"Deleted resource.\\\"}\\n\"","trace.id":null,"transaction.id":null,"span.id":null}
{"timestamp":"2020-12-15 05:41:08 +0000\n","severity":"ERROR\n","message":"[ElasticAPM] APM Server responded with an error:\n\"{\\\"ok\\\":false,\\\"message\\\":\\\"Deleted resource.\\\"}\\n\"","trace.id":null,"transaction.id":null,"span.id":null}
{"timestamp":"2020-12-15 05:52:13 +0000\n","severity":"INFO\n","message":"[3.10.1] Starting agent, reporting to https://32b3e91aa64345ccb4cdf4c8117cd1e4.apm.europe-west2.gcp.elastic-cloud.com","trace.id":null,"transaction.id":null,"span.id":null}
{"timestamp":"2020-12-15 05:52:13 +0000\n","severity":"WARN\n","message":"[ElasticAPM] Unsupported platform 'darwin' - Disabling system metrics","trace.id":null,"transaction.id":null,"span.id":null}
{"timestamp":"2020-12-15 05:52:30 +0000\n","severity":"INFO\n","message":"Started GET \"/?x=3\u0026y=42\" for 127.0.0.1 at 2020-12-15 05:52:30 +0000","trace.id":"dee3f7bfa66b20474f31547a7a3499dc","transaction.id":"6d3cf5ad34669451","span.id":null}
{"timestamp":"2020-12-15 05:52:30 +0000\n","severity":"INFO\n","message":"Processing by StockAvailabilityController#index as */*","trace.id":"dee3f7bfa66b20474f31547a7a3499dc","transaction.id":"6d3cf5ad34669451","span.id":null}
{"timestamp":"2020-12-15 05:52:30 +0000\n","severity":"INFO\n","message":"  Parameters: {\"x\"=\u003e\"3\", \"y\"=\u003e\"42\"}","trace.id":"dee3f7bfa66b20474f31547a7a3499dc","transaction.id":"6d3cf5ad34669451","span.id":null}
{"timestamp":"2020-12-15 05:52:30 +0000\n","severity":"INFO\n","message":"Supermarket Warehouse receiving stock level request","trace.id":"dee3f7bfa66b20474f31547a7a3499dc","transaction.id":"6d3cf5ad34669451","span.id":"50d4147e8befb580"}
{"timestamp":"2020-12-15 05:52:30 +0000\n","severity":"INFO\n","message":"Completed 200 OK in 4ms (Views: 0.1ms | ActiveRecord: 0.0ms)\n\n","trace.id":"dee3f7bfa66b20474f31547a7a3499dc","transaction.id":"6d3cf5ad34669451","span.id":null}
